<?xml version="1.0" encoding="UTF-8"?>
<!-- Generated by org.testng.reporters.JUnitReportReporter -->
<testsuite hostname="SLB-F3QB2X2" failures="0" tests="2" name="Academy.HomePage" time="14.050" errors="0" timestamp="2022-02-16T18:08:29 IST" skipped="0">
  <testcase classname="Academy.HomePage" name="basePageNavigation" time="12.307"/>
  <system-out/>
  <testcase classname="Academy.HomePage" name="basePageNavigation" time="1.743"/>
  <system-out/>
</testsuite> <!-- Academy.HomePage -->
