<?xml version="1.0" encoding="UTF-8"?>
<!-- Generated by org.testng.reporters.JUnitReportReporter -->
<testsuite hostname="SLB-F3QB2X2" failures="0" tests="8" name="test.Sec19_139_testNG" time="0.021" errors="0" timestamp="2022-01-26T07:49:05 IST" skipped="0">
  <testcase classname="test.Sec19_139_testNG" name="test3" time="0.002"/>
  <system-out/>
  <testcase classname="test.Sec19_139_testNG" name="test3" time="0.002"/>
  <system-out/>
  <testcase classname="test.Sec19_139_testNG" name="test7" time="0.001"/>
  <system-out/>
  <testcase classname="test.Sec19_139_testNG" name="test6" time="0.002"/>
  <system-out/>
  <testcase classname="test.Sec19_139_testNG" name="test7" time="0.007"/>
  <system-out/>
  <testcase classname="test.Sec19_139_testNG" name="test1" time="0.002"/>
  <system-out/>
  <testcase classname="test.Sec19_139_testNG" name="test1" time="0.005"/>
  <system-out/>
  <testcase classname="test.Sec19_139_testNG" name="test6" time="0.000"/>
  <system-out/>
</testsuite> <!-- test.Sec19_139_testNG -->
