<?xml version="1.0" encoding="UTF-8"?>
<!-- Generated by org.testng.reporters.JUnitReportReporter -->
<testsuite hostname="SLB-F3QB2X2" failures="0" tests="10" name="test.Sec19_139_testNG3" time="0.014" errors="0" timestamp="2022-01-26T07:49:05 IST" skipped="0">
  <testcase classname="test.Sec19_139_testNG3" name="mobileLoginCarLoan" time="0.001"/>
  <system-out/>
  <testcase classname="test.Sec19_139_testNG3" name="mobileLoginCarLoan1" time="0.001"/>
  <system-out/>
  <testcase classname="test.Sec19_139_testNG3" name="test5" time="0.001"/>
  <system-out/>
  <testcase classname="test.Sec19_139_testNG3" name="AppLoginCarLoan" time="0.001"/>
  <system-out/>
  <testcase classname="test.Sec19_139_testNG3" name="test5" time="0.001"/>
  <system-out/>
  <testcase classname="test.Sec19_139_testNG3" name="webLoginCarLoan" time="0.002"/>
  <system-out/>
  <testcase classname="test.Sec19_139_testNG3" name="mobileLoginCarLoan1" time="0.001"/>
  <system-out/>
  <testcase classname="test.Sec19_139_testNG3" name="webLoginCarLoan" time="0.001"/>
  <system-out/>
  <testcase classname="test.Sec19_139_testNG3" name="AppLoginCarLoan" time="0.004"/>
  <system-out/>
  <testcase classname="test.Sec19_139_testNG3" name="mobileLoginCarLoan1" time="0.001"/>
  <system-out/>
</testsuite> <!-- test.Sec19_139_testNG3 -->
