<?xml version="1.0" encoding="UTF-8"?>
<!-- Generated by org.testng.reporters.JUnitReportReporter -->
<testsuite hostname="SLB-F3QB2X2" failures="0" tests="1" name="Sec19_139_testNG" time="0.008" errors="0" timestamp="2022-01-22T15:40:54 IST" skipped="0">
  <testcase classname="Sec19_139_testNG" name="test1" time="0.008"/>
  <system-out/>
</testsuite> <!-- Sec19_139_testNG -->
