<?xml version="1.0" encoding="UTF-8"?>
<!-- Generated by org.testng.reporters.JUnitReportReporter -->
<testsuite hostname="SLB-F3QB2X2" failures="0" tests="2" name="pkg.AppiumTest" time="0.006" errors="0" timestamp="2022-01-29T15:38:34 IST" skipped="0">
  <testcase classname="pkg.AppiumTest" name="AppiumTest12" time="0.001"/>
  <system-out/>
  <testcase classname="pkg.AppiumTest" name="AppiumTest1" time="0.005"/>
  <system-out/>
</testsuite> <!-- pkg.AppiumTest -->
