<?xml version="1.0" encoding="UTF-8"?>
<!-- Generated by org.testng.reporters.JUnitReportReporter -->
<testsuite hostname="SLB-F3QB2X2" failures="0" tests="2" name="pkg.SeleniumTest" time="0.001" errors="0" timestamp="2022-01-29T15:38:23 IST" skipped="0">
  <testcase classname="pkg.SeleniumTest" name="browserAutomation" time="0.001"/>
  <system-out/>
  <testcase classname="pkg.SeleniumTest" name="elementsUI" time="0.000"/>
  <system-out/>
</testsuite> <!-- pkg.SeleniumTest -->
