<?xml version="1.0" encoding="UTF-8"?>
<!-- Generated by org.testng.reporters.JUnitReportReporter -->
<testsuite hostname="SLB-F3QB2X2" failures="0" tests="2" name="pkg.RestAssuredTest" time="0.000" errors="0" timestamp="2022-01-29T15:38:34 IST" skipped="0">
  <testcase classname="pkg.RestAssuredTest" name="RestAsuured1" time="0.000"/>
  <system-out/>
  <testcase classname="pkg.RestAssuredTest" name="RestAsuured2" time="0.000"/>
  <system-out/>
</testsuite> <!-- pkg.RestAssuredTest -->
