<?xml version="1.0" encoding="UTF-8"?>
<!-- Generated by org.testng.reporters.JUnitReportReporter -->
<testsuite hostname="SLB-F3QB2X2" failures="0" tests="2" name="pkg.AppiumTest" time="0.020" errors="0" timestamp="2022-02-12T18:30:04 IST" skipped="0">
  <testcase classname="pkg.AppiumTest" name="AppiumTest12" time="0.003"/>
  <system-out/>
  <testcase classname="pkg.AppiumTest" name="AppiumTest1" time="0.017"/>
  <system-out/>
</testsuite> <!-- pkg.AppiumTest -->
